<?xml version="1.0" encoding="UTF-8"?>
<testsuite name="com.studys.button_backend.Repository.AlertRepositoryTest" tests="3" skipped="0" failures="0" errors="0" timestamp="2025-08-07T23:21:13.088Z" hostname="DESKTOP-6Q9C8BQ" time="1.527">
  <properties/>
  <testcase name="Sucess save alert from physics button in database!" classname="com.studys.button_backend.Repository.AlertRepositoryTest" time="1.439"/>
  <testcase name="Sucess save alert from app button in database!" classname="com.studys.button_backend.Repository.AlertRepositoryTest" time="0.04"/>
  <testcase name="Not Sucess save alert from physics button in database!" classname="com.studys.button_backend.Repository.AlertRepositoryTest" time="0.037"/>
  <system-out><![CDATA[20:21:00.400 [Test worker] INFO org.springframework.test.context.support.AnnotationConfigContextLoaderUtils -- Could not detect default configuration classes for test class [com.studys.button_backend.Repository.AlertRepositoryTest]: AlertRepositoryTest does not declare any static, non-private, non-final, nested classes annotated with @Configuration.
20:21:00.936 [Test worker] INFO org.springframework.boot.test.context.SpringBootTestContextBootstrapper -- Found @SpringBootConfiguration com.studys.button_backend.ButtonBackendApplication for test class com.studys.button_backend.Repository.AlertRepositoryTest

  .   ____          _            __ _ _
 /\\ / ___'_ __ _ _(_)_ __  __ _ \ \ \ \
( ( )\___ | '_ | '_| | '_ \/ _` | \ \ \ \
 \\/  ___)| |_)| | | | | || (_| |  ) ) ) )
  '  |____| .__|_| |_|_| |_\__, | / / / /
 =========|_|==============|___/=/_/_/_/

 :: Spring Boot ::                (v3.5.3)

2025-08-07T20:21:02.357-03:00  INFO 30540 --- [Button_Backend] [    Test worker] c.s.b.Repository.AlertRepositoryTest     : Starting AlertRepositoryTest using Java 20.0.2 with PID 30540 (started by DELL in C:\Users\DELL\Documents\projeto_botao_panico\ui-projeto\Button_Backend)
2025-08-07T20:21:02.357-03:00  INFO 30540 --- [Button_Backend] [    Test worker] c.s.b.Repository.AlertRepositoryTest     : The following 1 profile is active: "test"
2025-08-07T20:21:05.276-03:00  INFO 30540 --- [Button_Backend] [    Test worker] .s.d.r.c.RepositoryConfigurationDelegate : Bootstrapping Spring Data JPA repositories in DEFAULT mode.
2025-08-07T20:21:05.370-03:00  INFO 30540 --- [Button_Backend] [    Test worker] .s.d.r.c.RepositoryConfigurationDelegate : Finished Spring Data repository scanning in 61 ms. Found 0 JPA repository interfaces.
2025-08-07T20:21:06.395-03:00  INFO 30540 --- [Button_Backend] [    Test worker] com.zaxxer.hikari.HikariDataSource       : HikariPool-1 - Starting...
2025-08-07T20:21:06.993-03:00  INFO 30540 --- [Button_Backend] [    Test worker] com.zaxxer.hikari.pool.HikariPool        : HikariPool-1 - Added connection conn0: url=jdbc:h2:mem:Button user=ADMIN
2025-08-07T20:21:06.993-03:00  INFO 30540 --- [Button_Backend] [    Test worker] com.zaxxer.hikari.HikariDataSource       : HikariPool-1 - Start completed.
2025-08-07T20:21:07.363-03:00  INFO 30540 --- [Button_Backend] [    Test worker] o.hibernate.jpa.internal.util.LogHelper  : HHH000204: Processing PersistenceUnitInfo [name: default]
2025-08-07T20:21:07.555-03:00  INFO 30540 --- [Button_Backend] [    Test worker] org.hibernate.Version                    : HHH000412: Hibernate ORM core version 6.6.18.Final
2025-08-07T20:21:07.680-03:00  INFO 30540 --- [Button_Backend] [    Test worker] o.h.c.internal.RegionFactoryInitiator    : HHH000026: Second-level cache disabled
2025-08-07T20:21:08.683-03:00  INFO 30540 --- [Button_Backend] [    Test worker] o.s.o.j.p.SpringPersistenceUnitInfo      : No LoadTimeWeaver setup: ignoring JPA class transformer
2025-08-07T20:21:08.933-03:00  INFO 30540 --- [Button_Backend] [    Test worker] org.hibernate.orm.connections.pooling    : HHH10001005: Database info:
	Database JDBC URL [Connecting through datasource 'HikariDataSource (HikariPool-1)']
	Database driver: undefined/unknown
	Database version: 2.3.232
	Autocommit mode: undefined/unknown
	Isolation level: undefined/unknown
	Minimum pool size: undefined/unknown
	Maximum pool size: undefined/unknown
2025-08-07T20:21:09.844-03:00  INFO 30540 --- [Button_Backend] [    Test worker] o.h.e.t.j.p.i.JtaPlatformInitiator       : HHH000489: No JTA platform available (set 'hibernate.transaction.jta.platform' to enable JTA platform integration)
2025-08-07T20:21:09.860-03:00  INFO 30540 --- [Button_Backend] [    Test worker] j.LocalContainerEntityManagerFactoryBean : Initialized JPA EntityManagerFactory for persistence unit 'default'
2025-08-07T20:21:10.604-03:00  WARN 30540 --- [Button_Backend] [    Test worker] JpaBaseConfiguration$JpaWebConfiguration : spring.jpa.open-in-view is enabled by default. Therefore, database queries may be performed during view rendering. Explicitly configure spring.jpa.open-in-view to disable this warning
2025-08-07T20:21:12.441-03:00  INFO 30540 --- [Button_Backend] [    Test worker] o.s.b.a.h2.H2ConsoleAutoConfiguration    : H2 console available at '/h2-console '. Database available at 'jdbc:h2:mem:Button'
2025-08-07T20:21:12.525-03:00  INFO 30540 --- [Button_Backend] [    Test worker] o.s.b.a.e.web.EndpointLinksResolver      : Exposing 1 endpoint beneath base path '/actuator'
2025-08-07T20:21:12.884-03:00  INFO 30540 --- [Button_Backend] [    Test worker] c.s.b.Repository.AlertRepositoryTest     : Started AlertRepositoryTest in 11.326 seconds (process running for 14.977)
]]></system-out>
  <system-err><![CDATA[]]></system-err>
</testsuite>
